<?xml version="1.0" encoding="UTF-8"?>
<testsuite xmlns:xsi="http://www.w3.org/2001/XMLSchema-instance" xsi:noNamespaceSchemaLocation="https://maven.apache.org/surefire/maven-surefire-plugin/xsd/surefire-test-report-3.0.xsd" version="3.0" name="com.ProyectoDavidDeportes.David.app.ProyectoDavidDeportesApplicationTests" time="7.983" tests="1" errors="0" skipped="0" failures="0">
  <properties>
[...]
</properties>
  <testcase name="contextLoads" classname="com.ProyectoDavidDeportes.David.app.ProyectoDavidDeportesApplicationTests" time="0.587">
    <system-out><![CDATA[00:45:35.712 [main] INFO org.springframework.test.context.support.AnnotationConfigContextLoaderUtils -- Could not detect default configuration classes for test class [com.ProyectoDavidDeportes.David.app.ProyectoDavidDeportesApplicationTests]: ProyectoDavidDeportesApplicationTests does not declare any static, non-private, non-final, nested classes annotated with @Configuration.
00:45:35.847 [main] INFO org.springframework.boot.test.context.SpringBootTestContextBootstrapper -- Found @SpringBootConfiguration com.ProyectoDavidDeportes.David.app.ProyectoDavidDeportesApplication for test class com.ProyectoDavidDeportes.David.app.ProyectoDavidDeportesApplicationTests
00:45:36.114 [main] INFO org.springframework.boot.devtools.restart.RestartApplicationListener -- Restart disabled due to context in which it is running

  .   ____          _            __ _ _
 /\\ / ___'_ __ _ _(_)_ __  __ _ \ \ \ \
( ( )\___ | '_ | '_| | '_ \/ _` | \ \ \ \
 \\/  ___)| |_)| | | | | || (_| |  ) ) ) )
  '  |____| .__|_| |_|_| |_\__, | / / / /
 =========|_|==============|___/=/_/_/_/

 :: Spring Boot ::                (v3.3.4)

2024-09-27T00:45:36.472-05:00  INFO 1924 --- [ProyectoDavidDeportes] [           main] .a.ProyectoDavidDeportesApplicationTests : Starting ProyectoDavidDeportesApplicationTests using Java 17.0.12 with PID 1924 (started by camil in C:\workspace\ProyectoDavidDeportes)
2024-09-27T00:45:36.474-05:00  INFO 1924 --- [ProyectoDavidDeportes] [           main] .a.ProyectoDavidDeportesApplicationTests : No active profile set, falling back to 1 default profile: "default"
2024-09-27T00:45:37.487-05:00  INFO 1924 --- [ProyectoDavidDeportes] [           main] .s.d.r.c.RepositoryConfigurationDelegate : Bootstrapping Spring Data JPA repositories in DEFAULT mode.
2024-09-27T00:45:37.622-05:00  INFO 1924 --- [ProyectoDavidDeportes] [           main] .s.d.r.c.RepositoryConfigurationDelegate : Finished Spring Data repository scanning in 120 ms. Found 5 JPA repository interfaces.
2024-09-27T00:45:38.345-05:00  INFO 1924 --- [ProyectoDavidDeportes] [           main] o.hibernate.jpa.internal.util.LogHelper  : HHH000204: Processing PersistenceUnitInfo [name: default]
2024-09-27T00:45:38.486-05:00  INFO 1924 --- [ProyectoDavidDeportes] [           main] org.hibernate.Version                    : HHH000412: Hibernate ORM core version 6.5.3.Final
2024-09-27T00:45:38.567-05:00  INFO 1924 --- [ProyectoDavidDeportes] [           main] o.h.c.internal.RegionFactoryInitiator    : HHH000026: Second-level cache disabled
2024-09-27T00:45:39.200-05:00  INFO 1924 --- [ProyectoDavidDeportes] [           main] o.s.o.j.p.SpringPersistenceUnitInfo      : No LoadTimeWeaver setup: ignoring JPA class transformer
2024-09-27T00:45:39.254-05:00  INFO 1924 --- [ProyectoDavidDeportes] [           main] com.zaxxer.hikari.HikariDataSource       : HikariPool-1 - Starting...
2024-09-27T00:45:39.519-05:00  INFO 1924 --- [ProyectoDavidDeportes] [           main] com.zaxxer.hikari.pool.HikariPool        : HikariPool-1 - Added connection conn0: url=jdbc:h2:mem:bdfutbolclub user=DAVID
2024-09-27T00:45:39.521-05:00  INFO 1924 --- [ProyectoDavidDeportes] [           main] com.zaxxer.hikari.HikariDataSource       : HikariPool-1 - Start completed.
2024-09-27T00:45:39.549-05:00  WARN 1924 --- [ProyectoDavidDeportes] [           main] org.hibernate.orm.deprecation            : HHH90000025: H2Dialect does not need to be specified explicitly using 'hibernate.dialect' (remove the property setting and it will be selected by default)
2024-09-27T00:45:40.897-05:00  INFO 1924 --- [ProyectoDavidDeportes] [           main] o.h.e.t.j.p.i.JtaPlatformInitiator       : HHH000489: No JTA platform available (set 'hibernate.transaction.jta.platform' to enable JTA platform integration)
2024-09-27T00:45:40.972-05:00  INFO 1924 --- [ProyectoDavidDeportes] [           main] j.LocalContainerEntityManagerFactoryBean : Initialized JPA EntityManagerFactory for persistence unit 'default'
2024-09-27T00:45:41.424-05:00  INFO 1924 --- [ProyectoDavidDeportes] [           main] o.s.d.j.r.query.QueryEnhancerFactory     : Hibernate is in classpath; If applicable, HQL parser will be used.
2024-09-27T00:45:42.183-05:00  WARN 1924 --- [ProyectoDavidDeportes] [           main] JpaBaseConfiguration$JpaWebConfiguration : spring.jpa.open-in-view is enabled by default. Therefore, database queries may be performed during view rendering. Explicitly configure spring.jpa.open-in-view to disable this warning
2024-09-27T00:45:42.227-05:00  INFO 1924 --- [ProyectoDavidDeportes] [           main] o.s.b.a.w.s.WelcomePageHandlerMapping    : Adding welcome page template: index
2024-09-27T00:45:42.765-05:00  INFO 1924 --- [ProyectoDavidDeportes] [           main] o.s.b.a.h2.H2ConsoleAutoConfiguration    : H2 console available at '/h2-console'. Database available at 'jdbc:h2:mem:bdfutbolclub'
2024-09-27T00:45:42.837-05:00  INFO 1924 --- [ProyectoDavidDeportes] [           main] .a.ProyectoDavidDeportesApplicationTests : Started ProyectoDavidDeportesApplicationTests in 6.741 seconds (process running for 8.127)
]]></system-out>
  </testcase>
</testsuite>